<?xml version="1.0" encoding="UTF-8"?>
<!-- Generated by org.testng.reporters.JUnitReportReporter -->
<testsuite hostname="L1BEBIZ055" failures="0" tests="4" name="test.AutomationPracticeTest" time="313.831" errors="0" timestamp="17 Aug 2021 03:25:21 GMT" skipped="0">
  <testcase classname="test.AutomationPracticeTest" name="registerUserTest" time="193.807"/>
  <testcase classname="test.AutomationPracticeTest" name="automationDemoSiteAlertSite" time="8.818"/>
  <testcase classname="test.AutomationPracticeTest" name="verifySwitchToNewTabbedWindowTest" time="14.398"/>
  <testcase classname="test.AutomationPracticeTest" name="alertFirstBoxValidationTest" time="96.808"/>
</testsuite> <!-- test.AutomationPracticeTest -->
